{"/home/runner/workspace/src/constants/analysis.ts": {"path":"/home/runner/workspace/src/constants/analysis.ts","all":false,"statementMap":{"0":{"start":{"line":1,"column":0},"end":{"line":1,"column":3}},"1":{"start":{"line":2,"column":0},"end":{"line":2,"column":79}},"2":{"start":{"line":3,"column":0},"end":{"line":3,"column":55}},"3":{"start":{"line":4,"column":0},"end":{"line":4,"column":3}},"4":{"start":{"line":5,"column":0},"end":{"line":5,"column":0}},"5":{"start":{"line":6,"column":0},"end":{"line":6,"column":74}},"6":{"start":{"line":7,"column":0},"end":{"line":7,"column":62}},"7":{"start":{"line":8,"column":0},"end":{"line":8,"column":40}},"8":{"start":{"line":9,"column":0},"end":{"line":9,"column":0}},"9":{"start":{"line":10,"column":0},"end":{"line":10,"column":30}},"10":{"start":{"line":11,"column":0},"end":{"line":11,"column":71}},"11":{"start":{"line":12,"column":0},"end":{"line":12,"column":25}},"12":{"start":{"line":13,"column":0},"end":{"line":13,"column":70}},"13":{"start":{"line":14,"column":0},"end":{"line":14,"column":26}},"14":{"start":{"line":15,"column":0},"end":{"line":15,"column":2}},"15":{"start":{"line":16,"column":0},"end":{"line":16,"column":0}},"16":{"start":{"line":17,"column":0},"end":{"line":17,"column":75}},"17":{"start":{"line":18,"column":0},"end":{"line":18,"column":51}},"18":{"start":{"line":19,"column":0},"end":{"line":19,"column":42}},"19":{"start":{"line":20,"column":0},"end":{"line":20,"column":42}},"20":{"start":{"line":21,"column":0},"end":{"line":21,"column":42}},"21":{"start":{"line":22,"column":0},"end":{"line":22,"column":42}},"22":{"start":{"line":23,"column":0},"end":{"line":23,"column":2}},"23":{"start":{"line":24,"column":0},"end":{"line":24,"column":0}},"24":{"start":{"line":25,"column":0},"end":{"line":25,"column":86}},"25":{"start":{"line":26,"column":0},"end":{"line":26,"column":0}},"26":{"start":{"line":27,"column":0},"end":{"line":27,"column":54}},"27":{"start":{"line":28,"column":0},"end":{"line":28,"column":0}},"28":{"start":{"line":29,"column":0},"end":{"line":29,"column":32}},"29":{"start":{"line":30,"column":0},"end":{"line":30,"column":18}},"30":{"start":{"line":31,"column":0},"end":{"line":31,"column":24}},"31":{"start":{"line":32,"column":0},"end":{"line":32,"column":7}},"32":{"start":{"line":33,"column":0},"end":{"line":33,"column":81}},"33":{"start":{"line":34,"column":0},"end":{"line":34,"column":62}},"34":{"start":{"line":35,"column":0},"end":{"line":35,"column":7}},"35":{"start":{"line":36,"column":0},"end":{"line":36,"column":33}},"36":{"start":{"line":37,"column":0},"end":{"line":37,"column":7}},"37":{"start":{"line":38,"column":0},"end":{"line":38,"column":78}},"38":{"start":{"line":39,"column":0},"end":{"line":39,"column":32}},"39":{"start":{"line":40,"column":0},"end":{"line":40,"column":7}},"40":{"start":{"line":41,"column":0},"end":{"line":41,"column":35}},"41":{"start":{"line":42,"column":0},"end":{"line":42,"column":2}},"42":{"start":{"line":43,"column":0},"end":{"line":43,"column":0}},"43":{"start":{"line":44,"column":0},"end":{"line":44,"column":72}},"44":{"start":{"line":45,"column":0},"end":{"line":45,"column":17}},"45":{"start":{"line":46,"column":0},"end":{"line":46,"column":28}},"46":{"start":{"line":47,"column":0},"end":{"line":47,"column":93}},"47":{"start":{"line":48,"column":0},"end":{"line":48,"column":32}},"48":{"start":{"line":49,"column":0},"end":{"line":49,"column":34}},"49":{"start":{"line":50,"column":0},"end":{"line":50,"column":6}},"50":{"start":{"line":51,"column":0},"end":{"line":51,"column":11}},"51":{"start":{"line":52,"column":0},"end":{"line":52,"column":22}},"52":{"start":{"line":53,"column":0},"end":{"line":53,"column":86}},"53":{"start":{"line":54,"column":0},"end":{"line":54,"column":32}},"54":{"start":{"line":55,"column":0},"end":{"line":55,"column":35}},"55":{"start":{"line":56,"column":0},"end":{"line":56,"column":6}},"56":{"start":{"line":57,"column":0},"end":{"line":57,"column":15}},"57":{"start":{"line":58,"column":0},"end":{"line":58,"column":26}},"58":{"start":{"line":59,"column":0},"end":{"line":59,"column":90}},"59":{"start":{"line":60,"column":0},"end":{"line":60,"column":32}},"60":{"start":{"line":61,"column":0},"end":{"line":61,"column":35}},"61":{"start":{"line":62,"column":0},"end":{"line":62,"column":6}},"62":{"start":{"line":63,"column":0},"end":{"line":63,"column":18}},"63":{"start":{"line":64,"column":0},"end":{"line":64,"column":29}},"64":{"start":{"line":65,"column":0},"end":{"line":65,"column":97}},"65":{"start":{"line":66,"column":0},"end":{"line":66,"column":32}},"66":{"start":{"line":67,"column":0},"end":{"line":67,"column":36}},"67":{"start":{"line":68,"column":0},"end":{"line":68,"column":6}},"68":{"start":{"line":69,"column":0},"end":{"line":69,"column":2}},"69":{"start":{"line":70,"column":0},"end":{"line":70,"column":0}},"70":{"start":{"line":71,"column":0},"end":{"line":71,"column":59}},"71":{"start":{"line":72,"column":0},"end":{"line":72,"column":0}},"72":{"start":{"line":73,"column":0},"end":{"line":73,"column":31}},"73":{"start":{"line":74,"column":0},"end":{"line":74,"column":19}},"74":{"start":{"line":75,"column":0},"end":{"line":75,"column":25}},"75":{"start":{"line":76,"column":0},"end":{"line":76,"column":2}},"76":{"start":{"line":77,"column":0},"end":{"line":77,"column":0}},"77":{"start":{"line":78,"column":0},"end":{"line":78,"column":72}},"78":{"start":{"line":79,"column":0},"end":{"line":79,"column":49}},"79":{"start":{"line":80,"column":0},"end":{"line":80,"column":60}},"80":{"start":{"line":81,"column":0},"end":{"line":81,"column":67}},"81":{"start":{"line":82,"column":0},"end":{"line":82,"column":67}},"82":{"start":{"line":83,"column":0},"end":{"line":83,"column":60}},"83":{"start":{"line":84,"column":0},"end":{"line":84,"column":67}},"84":{"start":{"line":85,"column":0},"end":{"line":85,"column":67}},"85":{"start":{"line":86,"column":0},"end":{"line":86,"column":60}},"86":{"start":{"line":87,"column":0},"end":{"line":87,"column":67}},"87":{"start":{"line":88,"column":0},"end":{"line":88,"column":60}},"88":{"start":{"line":89,"column":0},"end":{"line":89,"column":67}},"89":{"start":{"line":90,"column":0},"end":{"line":90,"column":62}},"90":{"start":{"line":91,"column":0},"end":{"line":91,"column":69}},"91":{"start":{"line":92,"column":0},"end":{"line":92,"column":2}},"92":{"start":{"line":93,"column":0},"end":{"line":93,"column":0}},"93":{"start":{"line":94,"column":0},"end":{"line":94,"column":47}}},"s":{"0":1,"1":1,"2":1,"3":1,"4":1,"5":1,"6":1,"7":1,"8":1,"9":1,"10":1,"11":1,"12":1,"13":1,"14":1,"15":1,"16":1,"17":1,"18":1,"19":1,"20":1,"21":1,"22":1,"23":1,"24":1,"25":1,"26":1,"27":1,"28":1,"29":1,"30":1,"31":1,"32":1,"33":1,"34":1,"35":1,"36":1,"37":1,"38":1,"39":1,"40":1,"41":1,"42":1,"43":1,"44":1,"45":1,"46":1,"47":1,"48":1,"49":1,"50":1,"51":1,"52":1,"53":1,"54":1,"55":1,"56":1,"57":1,"58":1,"59":1,"60":1,"61":1,"62":1,"63":1,"64":1,"65":1,"66":1,"67":1,"68":1,"69":1,"70":1,"71":1,"72":1,"73":1,"74":1,"75":1,"76":1,"77":1,"78":1,"79":1,"80":1,"81":1,"82":1,"83":1,"84":1,"85":1,"86":1,"87":1,"88":1,"89":1,"90":1,"91":1,"92":1,"93":1},"branchMap":{},"b":{},"fnMap":{},"f":{}}
,"/home/runner/workspace/src/services/analysis/digit-analysis.ts": {"path":"/home/runner/workspace/src/services/analysis/digit-analysis.ts","all":false,"statementMap":{"0":{"start":{"line":1,"column":0},"end":{"line":1,"column":93}},"1":{"start":{"line":2,"column":0},"end":{"line":2,"column":0}},"2":{"start":{"line":3,"column":0},"end":{"line":3,"column":29}},"3":{"start":{"line":4,"column":0},"end":{"line":4,"column":23}},"4":{"start":{"line":5,"column":0},"end":{"line":5,"column":22}},"5":{"start":{"line":6,"column":0},"end":{"line":6,"column":28}},"6":{"start":{"line":7,"column":0},"end":{"line":7,"column":27}},"7":{"start":{"line":8,"column":0},"end":{"line":8,"column":32}},"8":{"start":{"line":9,"column":0},"end":{"line":9,"column":22}},"9":{"start":{"line":10,"column":0},"end":{"line":10,"column":2}},"10":{"start":{"line":11,"column":0},"end":{"line":11,"column":0}},"11":{"start":{"line":12,"column":0},"end":{"line":12,"column":48}},"12":{"start":{"line":13,"column":0},"end":{"line":13,"column":23}},"13":{"start":{"line":14,"column":0},"end":{"line":14,"column":24}},"14":{"start":{"line":15,"column":0},"end":{"line":15,"column":28}},"15":{"start":{"line":16,"column":0},"end":{"line":16,"column":29}},"16":{"start":{"line":17,"column":0},"end":{"line":17,"column":39}},"17":{"start":{"line":18,"column":0},"end":{"line":18,"column":17}},"18":{"start":{"line":19,"column":0},"end":{"line":19,"column":2}},"19":{"start":{"line":20,"column":0},"end":{"line":20,"column":0}},"20":{"start":{"line":21,"column":0},"end":{"line":21,"column":27}},"21":{"start":{"line":22,"column":0},"end":{"line":22,"column":18}},"22":{"start":{"line":23,"column":0},"end":{"line":23,"column":18}},"23":{"start":{"line":24,"column":0},"end":{"line":24,"column":23}},"24":{"start":{"line":25,"column":0},"end":{"line":25,"column":2}},"25":{"start":{"line":26,"column":0},"end":{"line":26,"column":0}},"26":{"start":{"line":27,"column":0},"end":{"line":27,"column":76}},"27":{"start":{"line":28,"column":0},"end":{"line":28,"column":64}},"28":{"start":{"line":29,"column":0},"end":{"line":29,"column":30}},"29":{"start":{"line":30,"column":0},"end":{"line":30,"column":45}},"30":{"start":{"line":31,"column":0},"end":{"line":31,"column":23}},"31":{"start":{"line":32,"column":0},"end":{"line":32,"column":23}},"32":{"start":{"line":33,"column":0},"end":{"line":33,"column":23}},"33":{"start":{"line":34,"column":0},"end":{"line":34,"column":28}},"34":{"start":{"line":35,"column":0},"end":{"line":35,"column":28}},"35":{"start":{"line":36,"column":0},"end":{"line":36,"column":33}},"36":{"start":{"line":37,"column":0},"end":{"line":37,"column":22}},"37":{"start":{"line":38,"column":0},"end":{"line":38,"column":0}},"38":{"start":{"line":39,"column":0},"end":{"line":39,"column":39}},"39":{"start":{"line":40,"column":0},"end":{"line":40,"column":27}},"40":{"start":{"line":41,"column":0},"end":{"line":41,"column":27}},"41":{"start":{"line":42,"column":0},"end":{"line":42,"column":39}},"42":{"start":{"line":43,"column":0},"end":{"line":43,"column":23}},"43":{"start":{"line":44,"column":0},"end":{"line":44,"column":25}},"44":{"start":{"line":45,"column":0},"end":{"line":45,"column":0}},"45":{"start":{"line":46,"column":0},"end":{"line":46,"column":38}},"46":{"start":{"line":47,"column":0},"end":{"line":47,"column":25}},"47":{"start":{"line":48,"column":0},"end":{"line":48,"column":25}},"48":{"start":{"line":49,"column":0},"end":{"line":49,"column":37}},"49":{"start":{"line":50,"column":0},"end":{"line":50,"column":21}},"50":{"start":{"line":51,"column":0},"end":{"line":51,"column":23}},"51":{"start":{"line":52,"column":0},"end":{"line":52,"column":0}},"52":{"start":{"line":53,"column":0},"end":{"line":53,"column":82}},"53":{"start":{"line":54,"column":0},"end":{"line":54,"column":19}},"54":{"start":{"line":55,"column":0},"end":{"line":55,"column":0}},"55":{"start":{"line":56,"column":0},"end":{"line":56,"column":31}},"56":{"start":{"line":57,"column":0},"end":{"line":57,"column":89}},"57":{"start":{"line":58,"column":0},"end":{"line":58,"column":54}},"58":{"start":{"line":59,"column":0},"end":{"line":59,"column":93}},"59":{"start":{"line":60,"column":0},"end":{"line":60,"column":2}},"60":{"start":{"line":61,"column":0},"end":{"line":61,"column":0}},"61":{"start":{"line":62,"column":0},"end":{"line":62,"column":33}},"62":{"start":{"line":63,"column":0},"end":{"line":63,"column":24}},"63":{"start":{"line":64,"column":0},"end":{"line":64,"column":24}},"64":{"start":{"line":65,"column":0},"end":{"line":65,"column":30}},"65":{"start":{"line":66,"column":0},"end":{"line":66,"column":30}},"66":{"start":{"line":67,"column":0},"end":{"line":67,"column":26}},"67":{"start":{"line":68,"column":0},"end":{"line":68,"column":28}},"68":{"start":{"line":69,"column":0},"end":{"line":69,"column":34}},"69":{"start":{"line":70,"column":0},"end":{"line":70,"column":38}},"70":{"start":{"line":71,"column":0},"end":{"line":71,"column":30}},"71":{"start":{"line":72,"column":0},"end":{"line":72,"column":2}},"72":{"start":{"line":73,"column":0},"end":{"line":73,"column":0}},"73":{"start":{"line":74,"column":0},"end":{"line":74,"column":46}},"74":{"start":{"line":75,"column":0},"end":{"line":75,"column":25}},"75":{"start":{"line":76,"column":0},"end":{"line":76,"column":26}},"76":{"start":{"line":77,"column":0},"end":{"line":77,"column":0}},"77":{"start":{"line":78,"column":0},"end":{"line":78,"column":102}},"78":{"start":{"line":79,"column":0},"end":{"line":79,"column":0}},"79":{"start":{"line":80,"column":0},"end":{"line":80,"column":72}},"80":{"start":{"line":81,"column":0},"end":{"line":81,"column":54}},"81":{"start":{"line":82,"column":0},"end":{"line":82,"column":0}},"82":{"start":{"line":83,"column":0},"end":{"line":83,"column":33}},"83":{"start":{"line":84,"column":0},"end":{"line":84,"column":39}},"84":{"start":{"line":85,"column":0},"end":{"line":85,"column":60}},"85":{"start":{"line":86,"column":0},"end":{"line":86,"column":28}},"86":{"start":{"line":87,"column":0},"end":{"line":87,"column":23}},"87":{"start":{"line":88,"column":0},"end":{"line":88,"column":25}},"88":{"start":{"line":89,"column":0},"end":{"line":89,"column":45}},"89":{"start":{"line":90,"column":0},"end":{"line":90,"column":45}},"90":{"start":{"line":91,"column":0},"end":{"line":91,"column":0}},"91":{"start":{"line":92,"column":0},"end":{"line":92,"column":70}},"92":{"start":{"line":93,"column":0},"end":{"line":93,"column":42}},"93":{"start":{"line":94,"column":0},"end":{"line":94,"column":25}},"94":{"start":{"line":95,"column":0},"end":{"line":95,"column":26}},"95":{"start":{"line":96,"column":0},"end":{"line":96,"column":24}},"96":{"start":{"line":97,"column":0},"end":{"line":97,"column":24}},"97":{"start":{"line":98,"column":0},"end":{"line":98,"column":24}},"98":{"start":{"line":99,"column":0},"end":{"line":99,"column":45}},"99":{"start":{"line":100,"column":0},"end":{"line":100,"column":0}},"100":{"start":{"line":101,"column":0},"end":{"line":101,"column":45}},"101":{"start":{"line":102,"column":0},"end":{"line":102,"column":45}},"102":{"start":{"line":103,"column":0},"end":{"line":103,"column":27}},"103":{"start":{"line":104,"column":0},"end":{"line":104,"column":32}},"104":{"start":{"line":105,"column":0},"end":{"line":105,"column":30}},"105":{"start":{"line":106,"column":0},"end":{"line":106,"column":30}},"106":{"start":{"line":107,"column":0},"end":{"line":107,"column":0}},"107":{"start":{"line":108,"column":0},"end":{"line":108,"column":44}},"108":{"start":{"line":109,"column":0},"end":{"line":109,"column":43}},"109":{"start":{"line":110,"column":0},"end":{"line":110,"column":25}},"110":{"start":{"line":111,"column":0},"end":{"line":111,"column":30}},"111":{"start":{"line":112,"column":0},"end":{"line":112,"column":28}},"112":{"start":{"line":113,"column":0},"end":{"line":113,"column":28}},"113":{"start":{"line":114,"column":0},"end":{"line":114,"column":0}},"114":{"start":{"line":115,"column":0},"end":{"line":115,"column":62}},"115":{"start":{"line":116,"column":0},"end":{"line":116,"column":23}},"116":{"start":{"line":117,"column":0},"end":{"line":117,"column":49}},"117":{"start":{"line":118,"column":0},"end":{"line":118,"column":0}},"118":{"start":{"line":119,"column":0},"end":{"line":119,"column":66}},"119":{"start":{"line":120,"column":0},"end":{"line":120,"column":52}},"120":{"start":{"line":121,"column":0},"end":{"line":121,"column":52}},"121":{"start":{"line":122,"column":0},"end":{"line":122,"column":57}},"122":{"start":{"line":123,"column":0},"end":{"line":123,"column":55}},"123":{"start":{"line":124,"column":0},"end":{"line":124,"column":5}},"124":{"start":{"line":125,"column":0},"end":{"line":125,"column":0}},"125":{"start":{"line":126,"column":0},"end":{"line":126,"column":45}},"126":{"start":{"line":127,"column":0},"end":{"line":127,"column":47}},"127":{"start":{"line":128,"column":0},"end":{"line":128,"column":63}},"128":{"start":{"line":129,"column":0},"end":{"line":129,"column":0}},"129":{"start":{"line":130,"column":0},"end":{"line":130,"column":54}},"130":{"start":{"line":131,"column":0},"end":{"line":131,"column":71}},"131":{"start":{"line":132,"column":0},"end":{"line":132,"column":0}},"132":{"start":{"line":133,"column":0},"end":{"line":133,"column":77}},"133":{"start":{"line":134,"column":0},"end":{"line":134,"column":44}},"134":{"start":{"line":135,"column":0},"end":{"line":135,"column":60}},"135":{"start":{"line":136,"column":0},"end":{"line":136,"column":16}},"136":{"start":{"line":137,"column":0},"end":{"line":137,"column":29}},"137":{"start":{"line":138,"column":0},"end":{"line":138,"column":9}},"138":{"start":{"line":139,"column":0},"end":{"line":139,"column":46}},"139":{"start":{"line":140,"column":0},"end":{"line":140,"column":32}},"140":{"start":{"line":141,"column":0},"end":{"line":141,"column":66}},"141":{"start":{"line":142,"column":0},"end":{"line":142,"column":27}},"142":{"start":{"line":143,"column":0},"end":{"line":143,"column":32}},"143":{"start":{"line":144,"column":0},"end":{"line":144,"column":32}},"144":{"start":{"line":145,"column":0},"end":{"line":145,"column":0}},"145":{"start":{"line":146,"column":0},"end":{"line":146,"column":77}},"146":{"start":{"line":147,"column":0},"end":{"line":147,"column":57}},"147":{"start":{"line":148,"column":0},"end":{"line":148,"column":98}},"148":{"start":{"line":149,"column":0},"end":{"line":149,"column":0}},"149":{"start":{"line":150,"column":0},"end":{"line":150,"column":26}},"150":{"start":{"line":151,"column":0},"end":{"line":151,"column":51}},"151":{"start":{"line":152,"column":0},"end":{"line":152,"column":62}},"152":{"start":{"line":153,"column":0},"end":{"line":153,"column":59}},"153":{"start":{"line":154,"column":0},"end":{"line":154,"column":59}},"154":{"start":{"line":155,"column":0},"end":{"line":155,"column":59}},"155":{"start":{"line":156,"column":0},"end":{"line":156,"column":20}},"156":{"start":{"line":157,"column":0},"end":{"line":157,"column":36}},"157":{"start":{"line":158,"column":0},"end":{"line":158,"column":13}},"158":{"start":{"line":159,"column":0},"end":{"line":159,"column":47}},"159":{"start":{"line":160,"column":0},"end":{"line":160,"column":50}},"160":{"start":{"line":161,"column":0},"end":{"line":161,"column":50}},"161":{"start":{"line":162,"column":0},"end":{"line":162,"column":50}},"162":{"start":{"line":163,"column":0},"end":{"line":163,"column":64}},"163":{"start":{"line":164,"column":0},"end":{"line":164,"column":0}},"164":{"start":{"line":165,"column":0},"end":{"line":165,"column":32}},"165":{"start":{"line":166,"column":0},"end":{"line":166,"column":57}},"166":{"start":{"line":167,"column":0},"end":{"line":167,"column":62}},"167":{"start":{"line":168,"column":0},"end":{"line":168,"column":57}},"168":{"start":{"line":169,"column":0},"end":{"line":169,"column":57}},"169":{"start":{"line":170,"column":0},"end":{"line":170,"column":20}},"170":{"start":{"line":171,"column":0},"end":{"line":171,"column":39}},"171":{"start":{"line":172,"column":0},"end":{"line":172,"column":13}},"172":{"start":{"line":173,"column":0},"end":{"line":173,"column":52}},"173":{"start":{"line":174,"column":0},"end":{"line":174,"column":53}},"174":{"start":{"line":175,"column":0},"end":{"line":175,"column":53}},"175":{"start":{"line":176,"column":0},"end":{"line":176,"column":68}},"176":{"start":{"line":177,"column":0},"end":{"line":177,"column":0}},"177":{"start":{"line":178,"column":0},"end":{"line":178,"column":31}},"178":{"start":{"line":179,"column":0},"end":{"line":179,"column":53}},"179":{"start":{"line":180,"column":0},"end":{"line":180,"column":58}},"180":{"start":{"line":181,"column":0},"end":{"line":181,"column":55}},"181":{"start":{"line":182,"column":0},"end":{"line":182,"column":55}},"182":{"start":{"line":183,"column":0},"end":{"line":183,"column":20}},"183":{"start":{"line":184,"column":0},"end":{"line":184,"column":37}},"184":{"start":{"line":185,"column":0},"end":{"line":185,"column":13}},"185":{"start":{"line":186,"column":0},"end":{"line":186,"column":48}},"186":{"start":{"line":187,"column":0},"end":{"line":187,"column":51}},"187":{"start":{"line":188,"column":0},"end":{"line":188,"column":51}},"188":{"start":{"line":189,"column":0},"end":{"line":189,"column":62}},"189":{"start":{"line":190,"column":0},"end":{"line":190,"column":0}},"190":{"start":{"line":191,"column":0},"end":{"line":191,"column":21}},"191":{"start":{"line":192,"column":0},"end":{"line":192,"column":27}},"192":{"start":{"line":193,"column":0},"end":{"line":193,"column":73}},"193":{"start":{"line":194,"column":0},"end":{"line":194,"column":38}},"194":{"start":{"line":195,"column":0},"end":{"line":195,"column":24}},"195":{"start":{"line":196,"column":0},"end":{"line":196,"column":37}},"196":{"start":{"line":197,"column":0},"end":{"line":197,"column":17}},"197":{"start":{"line":198,"column":0},"end":{"line":198,"column":37}},"198":{"start":{"line":199,"column":0},"end":{"line":199,"column":13}},"199":{"start":{"line":200,"column":0},"end":{"line":200,"column":9}},"200":{"start":{"line":201,"column":0},"end":{"line":201,"column":52}},"201":{"start":{"line":202,"column":0},"end":{"line":202,"column":5}},"202":{"start":{"line":203,"column":0},"end":{"line":203,"column":0}},"203":{"start":{"line":204,"column":0},"end":{"line":204,"column":51}},"204":{"start":{"line":205,"column":0},"end":{"line":205,"column":21}},"205":{"start":{"line":206,"column":0},"end":{"line":206,"column":65}},"206":{"start":{"line":207,"column":0},"end":{"line":207,"column":53}},"207":{"start":{"line":208,"column":0},"end":{"line":208,"column":52}},"208":{"start":{"line":209,"column":0},"end":{"line":209,"column":9}},"209":{"start":{"line":210,"column":0},"end":{"line":210,"column":5}},"210":{"start":{"line":211,"column":0},"end":{"line":211,"column":0}},"211":{"start":{"line":212,"column":0},"end":{"line":212,"column":13}},"212":{"start":{"line":213,"column":0},"end":{"line":213,"column":28}},"213":{"start":{"line":214,"column":0},"end":{"line":214,"column":31}},"214":{"start":{"line":215,"column":0},"end":{"line":215,"column":34}},"215":{"start":{"line":216,"column":0},"end":{"line":216,"column":32}},"216":{"start":{"line":217,"column":0},"end":{"line":217,"column":28}},"217":{"start":{"line":218,"column":0},"end":{"line":218,"column":31}},"218":{"start":{"line":219,"column":0},"end":{"line":219,"column":31}},"219":{"start":{"line":220,"column":0},"end":{"line":220,"column":31}},"220":{"start":{"line":221,"column":0},"end":{"line":221,"column":34}},"221":{"start":{"line":222,"column":0},"end":{"line":222,"column":34}},"222":{"start":{"line":223,"column":0},"end":{"line":223,"column":31}},"223":{"start":{"line":224,"column":0},"end":{"line":224,"column":31}},"224":{"start":{"line":225,"column":0},"end":{"line":225,"column":31}},"225":{"start":{"line":226,"column":0},"end":{"line":226,"column":31}},"226":{"start":{"line":227,"column":0},"end":{"line":227,"column":31}},"227":{"start":{"line":228,"column":0},"end":{"line":228,"column":31}},"228":{"start":{"line":229,"column":0},"end":{"line":229,"column":33}},"229":{"start":{"line":230,"column":0},"end":{"line":230,"column":31}},"230":{"start":{"line":231,"column":0},"end":{"line":231,"column":31}},"231":{"start":{"line":232,"column":0},"end":{"line":232,"column":31}},"232":{"start":{"line":233,"column":0},"end":{"line":233,"column":31}},"233":{"start":{"line":234,"column":0},"end":{"line":234,"column":31}},"234":{"start":{"line":235,"column":0},"end":{"line":235,"column":31}},"235":{"start":{"line":236,"column":0},"end":{"line":236,"column":34}},"236":{"start":{"line":237,"column":0},"end":{"line":237,"column":31}},"237":{"start":{"line":238,"column":0},"end":{"line":238,"column":34}},"238":{"start":{"line":239,"column":0},"end":{"line":239,"column":5}},"239":{"start":{"line":240,"column":0},"end":{"line":240,"column":0}},"240":{"start":{"line":241,"column":0},"end":{"line":241,"column":63}},"241":{"start":{"line":242,"column":0},"end":{"line":242,"column":0}},"242":{"start":{"line":243,"column":0},"end":{"line":243,"column":35}},"243":{"start":{"line":244,"column":0},"end":{"line":244,"column":34}},"244":{"start":{"line":245,"column":0},"end":{"line":245,"column":0}},"245":{"start":{"line":246,"column":0},"end":{"line":246,"column":45}},"246":{"start":{"line":247,"column":0},"end":{"line":247,"column":18}},"247":{"start":{"line":248,"column":0},"end":{"line":248,"column":38}},"248":{"start":{"line":249,"column":0},"end":{"line":249,"column":64}},"249":{"start":{"line":250,"column":0},"end":{"line":250,"column":12}},"250":{"start":{"line":251,"column":0},"end":{"line":251,"column":0}},"251":{"start":{"line":252,"column":0},"end":{"line":252,"column":90}},"252":{"start":{"line":253,"column":0},"end":{"line":253,"column":0}},"253":{"start":{"line":254,"column":0},"end":{"line":254,"column":16}},"254":{"start":{"line":255,"column":0},"end":{"line":255,"column":31}},"255":{"start":{"line":256,"column":0},"end":{"line":256,"column":39}},"256":{"start":{"line":257,"column":0},"end":{"line":257,"column":40}},"257":{"start":{"line":258,"column":0},"end":{"line":258,"column":40}},"258":{"start":{"line":259,"column":0},"end":{"line":259,"column":19}},"259":{"start":{"line":260,"column":0},"end":{"line":260,"column":47}},"260":{"start":{"line":261,"column":0},"end":{"line":261,"column":23}},"261":{"start":{"line":262,"column":0},"end":{"line":262,"column":48}},"262":{"start":{"line":263,"column":0},"end":{"line":263,"column":44}},"263":{"start":{"line":264,"column":0},"end":{"line":264,"column":10}},"264":{"start":{"line":265,"column":0},"end":{"line":265,"column":5}},"265":{"start":{"line":266,"column":0},"end":{"line":266,"column":0}},"266":{"start":{"line":267,"column":0},"end":{"line":267,"column":45}},"267":{"start":{"line":268,"column":0},"end":{"line":268,"column":80}},"268":{"start":{"line":269,"column":0},"end":{"line":269,"column":56}},"269":{"start":{"line":270,"column":0},"end":{"line":270,"column":69}},"270":{"start":{"line":271,"column":0},"end":{"line":271,"column":69}},"271":{"start":{"line":272,"column":0},"end":{"line":272,"column":49}},"272":{"start":{"line":273,"column":0},"end":{"line":273,"column":97}},"273":{"start":{"line":274,"column":0},"end":{"line":274,"column":58}},"274":{"start":{"line":275,"column":0},"end":{"line":275,"column":0}},"275":{"start":{"line":276,"column":0},"end":{"line":276,"column":28}},"276":{"start":{"line":277,"column":0},"end":{"line":277,"column":68}},"277":{"start":{"line":278,"column":0},"end":{"line":278,"column":76}},"278":{"start":{"line":279,"column":0},"end":{"line":279,"column":76}},"279":{"start":{"line":280,"column":0},"end":{"line":280,"column":50}},"280":{"start":{"line":281,"column":0},"end":{"line":281,"column":88}},"281":{"start":{"line":282,"column":0},"end":{"line":282,"column":72}},"282":{"start":{"line":283,"column":0},"end":{"line":283,"column":56}},"283":{"start":{"line":284,"column":0},"end":{"line":284,"column":0}},"284":{"start":{"line":285,"column":0},"end":{"line":285,"column":27}},"285":{"start":{"line":286,"column":0},"end":{"line":286,"column":64}},"286":{"start":{"line":287,"column":0},"end":{"line":287,"column":72}},"287":{"start":{"line":288,"column":0},"end":{"line":288,"column":72}},"288":{"start":{"line":289,"column":0},"end":{"line":289,"column":48}},"289":{"start":{"line":290,"column":0},"end":{"line":290,"column":83}},"290":{"start":{"line":291,"column":0},"end":{"line":291,"column":68}},"291":{"start":{"line":292,"column":0},"end":{"line":292,"column":56}},"292":{"start":{"line":293,"column":0},"end":{"line":293,"column":0}},"293":{"start":{"line":294,"column":0},"end":{"line":294,"column":62}},"294":{"start":{"line":295,"column":0},"end":{"line":295,"column":58}},"295":{"start":{"line":296,"column":0},"end":{"line":296,"column":49}},"296":{"start":{"line":297,"column":0},"end":{"line":297,"column":58}},"297":{"start":{"line":298,"column":0},"end":{"line":298,"column":0}},"298":{"start":{"line":299,"column":0},"end":{"line":299,"column":19}},"299":{"start":{"line":300,"column":0},"end":{"line":300,"column":62}},"300":{"start":{"line":301,"column":0},"end":{"line":301,"column":72}},"301":{"start":{"line":302,"column":0},"end":{"line":302,"column":30}},"302":{"start":{"line":303,"column":0},"end":{"line":303,"column":55}},"303":{"start":{"line":304,"column":0},"end":{"line":304,"column":32}},"304":{"start":{"line":305,"column":0},"end":{"line":305,"column":55}},"305":{"start":{"line":306,"column":0},"end":{"line":306,"column":34}},"306":{"start":{"line":307,"column":0},"end":{"line":307,"column":16}},"307":{"start":{"line":308,"column":0},"end":{"line":308,"column":30}},"308":{"start":{"line":309,"column":0},"end":{"line":309,"column":9}},"309":{"start":{"line":310,"column":0},"end":{"line":310,"column":0}},"310":{"start":{"line":311,"column":0},"end":{"line":311,"column":87}},"311":{"start":{"line":312,"column":0},"end":{"line":312,"column":22}},"312":{"start":{"line":313,"column":0},"end":{"line":313,"column":42}},"313":{"start":{"line":314,"column":0},"end":{"line":314,"column":55}},"314":{"start":{"line":315,"column":0},"end":{"line":315,"column":57}},"315":{"start":{"line":316,"column":0},"end":{"line":316,"column":28}},"316":{"start":{"line":317,"column":0},"end":{"line":317,"column":0}},"317":{"start":{"line":318,"column":0},"end":{"line":318,"column":16}},"318":{"start":{"line":319,"column":0},"end":{"line":319,"column":37}},"319":{"start":{"line":320,"column":0},"end":{"line":320,"column":37}},"320":{"start":{"line":321,"column":0},"end":{"line":321,"column":37}},"321":{"start":{"line":322,"column":0},"end":{"line":322,"column":38}},"322":{"start":{"line":323,"column":0},"end":{"line":323,"column":38}},"323":{"start":{"line":324,"column":0},"end":{"line":324,"column":28}},"324":{"start":{"line":325,"column":0},"end":{"line":325,"column":22}},"325":{"start":{"line":326,"column":0},"end":{"line":326,"column":36}},"326":{"start":{"line":327,"column":0},"end":{"line":327,"column":36}},"327":{"start":{"line":328,"column":0},"end":{"line":328,"column":23}},"328":{"start":{"line":329,"column":0},"end":{"line":329,"column":23}},"329":{"start":{"line":330,"column":0},"end":{"line":330,"column":47}},"330":{"start":{"line":331,"column":0},"end":{"line":331,"column":34}},"331":{"start":{"line":332,"column":0},"end":{"line":332,"column":34}},"332":{"start":{"line":333,"column":0},"end":{"line":333,"column":21}},"333":{"start":{"line":334,"column":0},"end":{"line":334,"column":21}},"334":{"start":{"line":335,"column":0},"end":{"line":335,"column":43}},"335":{"start":{"line":336,"column":0},"end":{"line":336,"column":32}},"336":{"start":{"line":337,"column":0},"end":{"line":337,"column":23}},"337":{"start":{"line":338,"column":0},"end":{"line":338,"column":21}},"338":{"start":{"line":339,"column":0},"end":{"line":339,"column":19}},"339":{"start":{"line":340,"column":0},"end":{"line":340,"column":10}},"340":{"start":{"line":341,"column":0},"end":{"line":341,"column":5}},"341":{"start":{"line":342,"column":0},"end":{"line":342,"column":0}},"342":{"start":{"line":343,"column":0},"end":{"line":343,"column":56}},"343":{"start":{"line":344,"column":0},"end":{"line":344,"column":27}},"344":{"start":{"line":345,"column":0},"end":{"line":345,"column":37}},"345":{"start":{"line":346,"column":0},"end":{"line":346,"column":66}},"346":{"start":{"line":347,"column":0},"end":{"line":347,"column":9}},"347":{"start":{"line":348,"column":0},"end":{"line":348,"column":51}},"348":{"start":{"line":349,"column":0},"end":{"line":349,"column":64}},"349":{"start":{"line":350,"column":0},"end":{"line":350,"column":63}},"350":{"start":{"line":351,"column":0},"end":{"line":351,"column":16}},"351":{"start":{"line":352,"column":0},"end":{"line":352,"column":67}},"352":{"start":{"line":353,"column":0},"end":{"line":353,"column":92}},"353":{"start":{"line":354,"column":0},"end":{"line":354,"column":66}},"354":{"start":{"line":355,"column":0},"end":{"line":355,"column":10}},"355":{"start":{"line":356,"column":0},"end":{"line":356,"column":5}},"356":{"start":{"line":357,"column":0},"end":{"line":357,"column":0}},"357":{"start":{"line":358,"column":0},"end":{"line":358,"column":82}},"358":{"start":{"line":359,"column":0},"end":{"line":359,"column":27}},"359":{"start":{"line":360,"column":0},"end":{"line":360,"column":28}},"360":{"start":{"line":361,"column":0},"end":{"line":361,"column":37}},"361":{"start":{"line":362,"column":0},"end":{"line":362,"column":78}},"362":{"start":{"line":363,"column":0},"end":{"line":363,"column":78}},"363":{"start":{"line":364,"column":0},"end":{"line":364,"column":9}},"364":{"start":{"line":365,"column":0},"end":{"line":365,"column":66}},"365":{"start":{"line":366,"column":0},"end":{"line":366,"column":66}},"366":{"start":{"line":367,"column":0},"end":{"line":367,"column":16}},"367":{"start":{"line":368,"column":0},"end":{"line":368,"column":80}},"368":{"start":{"line":369,"column":0},"end":{"line":369,"column":103}},"369":{"start":{"line":370,"column":0},"end":{"line":370,"column":63}},"370":{"start":{"line":371,"column":0},"end":{"line":371,"column":10}},"371":{"start":{"line":372,"column":0},"end":{"line":372,"column":5}},"372":{"start":{"line":373,"column":0},"end":{"line":373,"column":1}},"373":{"start":{"line":374,"column":0},"end":{"line":374,"column":0}},"374":{"start":{"line":375,"column":0},"end":{"line":375,"column":81}},"375":{"start":{"line":376,"column":0},"end":{"line":376,"column":111}},"376":{"start":{"line":377,"column":0},"end":{"line":377,"column":0}},"377":{"start":{"line":378,"column":0},"end":{"line":378,"column":85}}},"s":{"0":1,"1":1,"2":1,"3":1,"4":1,"5":1,"6":1,"7":1,"8":1,"9":1,"10":1,"11":1,"12":1,"13":1,"14":1,"15":1,"16":1,"17":1,"18":1,"19":1,"20":1,"21":1,"22":1,"23":1,"24":1,"25":1,"26":1,"27":1,"28":1,"29":1,"30":1,"31":1,"32":1,"33":1,"34":1,"35":1,"36":1,"37":1,"38":1,"39":1,"40":1,"41":1,"42":1,"43":1,"44":1,"45":1,"46":1,"47":1,"48":1,"49":1,"50":1,"51":1,"52":1,"53":1,"54":1,"55":1,"56":1,"57":1,"58":1,"59":1,"60":1,"61":1,"62":1,"63":1,"64":1,"65":1,"66":1,"67":1,"68":1,"69":1,"70":1,"71":1,"72":1,"73":1,"74":1,"75":1,"76":1,"77":1,"78":1,"79":1,"80":1,"81":1,"82":1,"83":1,"84":1,"85":1,"86":1,"87":1,"88":1,"89":1,"90":1,"91":1,"92":1,"93":1,"94":1,"95":1,"96":1,"97":1,"98":1,"99":1,"100":1,"101":1,"102":1,"103":1,"104":1,"105":1,"106":1,"107":1,"108":1,"109":1,"110":1,"111":1,"112":1,"113":1,"114":1,"115":1,"116":1,"117":1,"118":1,"119":10,"120":10,"121":10,"122":10,"123":10,"124":1,"125":1,"126":1,"127":1,"128":1,"129":1,"130":1035,"131":1031,"132":1031,"133":1035,"134":1,"135":1035,"136":1030,"137":1030,"138":1031,"139":1031,"140":1031,"141":1031,"142":1031,"143":1031,"144":1031,"145":1031,"146":1035,"147":2,"148":2,"149":2,"150":2,"151":0,"152":0,"153":0,"154":0,"155":2,"156":2,"157":2,"158":2,"159":2,"160":0,"161":0,"162":2,"163":2,"164":2,"165":2,"166":0,"167":0,"168":0,"169":2,"170":2,"171":2,"172":2,"173":2,"174":0,"175":2,"176":2,"177":2,"178":2,"179":0,"180":0,"181":0,"182":2,"183":2,"184":2,"185":2,"186":2,"187":0,"188":2,"189":2,"190":2,"191":2,"192":2,"193":1,"194":1,"195":1,"196":1,"197":2,"198":2,"199":2,"200":1035,"201":1035,"202":1,"203":1,"204":2,"205":2,"206":2,"207":1003,"208":1003,"209":2,"210":1,"211":1,"212":3,"213":3,"214":3,"215":3,"216":3,"217":3,"218":3,"219":3,"220":3,"221":3,"222":3,"223":3,"224":3,"225":3,"226":3,"227":3,"228":3,"229":3,"230":3,"231":3,"232":3,"233":3,"234":3,"235":3,"236":3,"237":3,"238":3,"239":1,"240":1,"241":1,"242":1,"243":8,"244":8,"245":8,"246":80,"247":80,"248":80,"249":8,"250":8,"251":8,"252":8,"253":8,"254":8,"255":8,"256":8,"257":8,"258":8,"259":8,"260":8,"261":8,"262":8,"263":8,"264":8,"265":1,"266":1,"267":8,"268":8,"269":8,"270":8,"271":8,"272":8,"273":8,"274":8,"275":8,"276":8,"277":8,"278":8,"279":8,"280":8,"281":8,"282":8,"283":8,"284":8,"285":8,"286":8,"287":8,"288":8,"289":8,"290":8,"291":8,"292":8,"293":8,"294":8,"295":8,"296":8,"297":8,"298":8,"299":8,"300":8,"301":7,"302":8,"303":0,"304":1,"305":0,"306":1,"307":1,"308":1,"309":8,"310":8,"311":8,"312":8,"313":8,"314":1,"315":8,"316":8,"317":8,"318":8,"319":8,"320":8,"321":8,"322":8,"323":8,"324":8,"325":8,"326":8,"327":8,"328":8,"329":8,"330":8,"331":8,"332":8,"333":8,"334":8,"335":8,"336":8,"337":8,"338":8,"339":8,"340":8,"341":1,"342":1,"343":8,"344":8,"345":80,"346":80,"347":8,"348":8,"349":8,"350":8,"351":8,"352":8,"353":8,"354":8,"355":8,"356":1,"357":1,"358":32,"359":32,"360":32,"361":320,"362":320,"363":320,"364":32,"365":32,"366":32,"367":32,"368":32,"369":32,"370":32,"371":32,"372":1,"373":1,"374":1,"375":1,"376":1,"377":1},"branchMap":{"0":{"type":"branch","line":78,"loc":{"start":{"line":78,"column":28},"end":{"line":78,"column":101}},"locations":[{"start":{"line":78,"column":28},"end":{"line":78,"column":101}}]},"1":{"type":"branch","line":78,"loc":{"start":{"line":78,"column":73},"end":{"line":78,"column":96}},"locations":[{"start":{"line":78,"column":73},"end":{"line":78,"column":96}}]},"2":{"type":"branch","line":78,"loc":{"start":{"line":78,"column":97},"end":{"line":78,"column":100}},"locations":[{"start":{"line":78,"column":97},"end":{"line":78,"column":100}}]},"3":{"type":"branch","line":80,"loc":{"start":{"line":80,"column":28},"end":{"line":81,"column":53}},"locations":[{"start":{"line":80,"column":28},"end":{"line":81,"column":53}}]},"4":{"type":"branch","line":119,"loc":{"start":{"line":119,"column":4},"end":{"line":124,"column":5}},"locations":[{"start":{"line":119,"column":4},"end":{"line":124,"column":5}}]},"5":{"type":"branch","line":126,"loc":{"start":{"line":126,"column":4},"end":{"line":126,"column":45}},"locations":[{"start":{"line":126,"column":4},"end":{"line":126,"column":45}}]},"6":{"type":"branch","line":127,"loc":{"start":{"line":127,"column":4},"end":{"line":127,"column":47}},"locations":[{"start":{"line":127,"column":4},"end":{"line":127,"column":47}}]},"7":{"type":"branch","line":128,"loc":{"start":{"line":128,"column":4},"end":{"line":128,"column":63}},"locations":[{"start":{"line":128,"column":4},"end":{"line":128,"column":63}}]},"8":{"type":"branch","line":130,"loc":{"start":{"line":130,"column":4},"end":{"line":202,"column":5}},"locations":[{"start":{"line":130,"column":4},"end":{"line":202,"column":5}}]},"9":{"type":"branch","line":131,"loc":{"start":{"line":131,"column":36},"end":{"line":131,"column":49}},"locations":[{"start":{"line":131,"column":36},"end":{"line":131,"column":49}}]},"10":{"type":"branch","line":131,"loc":{"start":{"line":131,"column":49},"end":{"line":131,"column":62}},"locations":[{"start":{"line":131,"column":49},"end":{"line":131,"column":62}}]},"11":{"type":"branch","line":131,"loc":{"start":{"line":131,"column":64},"end":{"line":131,"column":71}},"locations":[{"start":{"line":131,"column":64},"end":{"line":131,"column":71}}]},"12":{"type":"branch","line":132,"loc":{"start":{"line":132,"column":-1},"end":{"line":134,"column":43}},"locations":[{"start":{"line":132,"column":-1},"end":{"line":134,"column":43}}]},"13":{"type":"branch","line":134,"loc":{"start":{"line":134,"column":43},"end":{"line":136,"column":9}},"locations":[{"start":{"line":134,"column":43},"end":{"line":136,"column":9}}]},"14":{"type":"branch","line":136,"loc":{"start":{"line":136,"column":9},"end":{"line":138,"column":9}},"locations":[{"start":{"line":136,"column":9},"end":{"line":138,"column":9}}]},"15":{"type":"branch","line":139,"loc":{"start":{"line":139,"column":-1},"end":{"line":147,"column":30}},"locations":[{"start":{"line":139,"column":-1},"end":{"line":147,"column":30}}]},"16":{"type":"branch","line":147,"loc":{"start":{"line":147,"column":26},"end":{"line":147,"column":54}},"locations":[{"start":{"line":147,"column":26},"end":{"line":147,"column":54}}]},"17":{"type":"branch","line":147,"loc":{"start":{"line":147,"column":56},"end":{"line":200,"column":9}},"locations":[{"start":{"line":147,"column":56},"end":{"line":200,"column":9}}]},"18":{"type":"branch","line":148,"loc":{"start":{"line":148,"column":63},"end":{"line":148,"column":97}},"locations":[{"start":{"line":148,"column":63},"end":{"line":148,"column":97}}]},"19":{"type":"branch","line":151,"loc":{"start":{"line":151,"column":50},"end":{"line":156,"column":13}},"locations":[{"start":{"line":151,"column":50},"end":{"line":156,"column":13}}]},"20":{"type":"branch","line":161,"loc":{"start":{"line":161,"column":-1},"end":{"line":162,"column":50}},"locations":[{"start":{"line":161,"column":-1},"end":{"line":162,"column":50}}]},"21":{"type":"branch","line":166,"loc":{"start":{"line":166,"column":56},"end":{"line":170,"column":13}},"locations":[{"start":{"line":166,"column":56},"end":{"line":170,"column":13}}]},"22":{"type":"branch","line":175,"loc":{"start":{"line":175,"column":-1},"end":{"line":175,"column":53}},"locations":[{"start":{"line":175,"column":-1},"end":{"line":175,"column":53}}]},"23":{"type":"branch","line":179,"loc":{"start":{"line":179,"column":52},"end":{"line":183,"column":13}},"locations":[{"start":{"line":179,"column":52},"end":{"line":183,"column":13}}]},"24":{"type":"branch","line":188,"loc":{"start":{"line":188,"column":-1},"end":{"line":188,"column":51}},"locations":[{"start":{"line":188,"column":-1},"end":{"line":188,"column":51}}]},"25":{"type":"branch","line":193,"loc":{"start":{"line":193,"column":44},"end":{"line":193,"column":70}},"locations":[{"start":{"line":193,"column":44},"end":{"line":193,"column":70}}]},"26":{"type":"branch","line":193,"loc":{"start":{"line":193,"column":72},"end":{"line":197,"column":17}},"locations":[{"start":{"line":193,"column":72},"end":{"line":197,"column":17}}]},"27":{"type":"branch","line":201,"loc":{"start":{"line":201,"column":-1},"end":{"line":201,"column":32}},"locations":[{"start":{"line":201,"column":-1},"end":{"line":201,"column":32}}]},"28":{"type":"branch","line":201,"loc":{"start":{"line":201,"column":28},"end":{"line":201,"column":52}},"locations":[{"start":{"line":201,"column":28},"end":{"line":201,"column":52}}]},"29":{"type":"branch","line":204,"loc":{"start":{"line":204,"column":4},"end":{"line":210,"column":5}},"locations":[{"start":{"line":204,"column":4},"end":{"line":210,"column":5}}]},"30":{"type":"branch","line":207,"loc":{"start":{"line":207,"column":52},"end":{"line":209,"column":9}},"locations":[{"start":{"line":207,"column":52},"end":{"line":209,"column":9}}]},"31":{"type":"branch","line":208,"loc":{"start":{"line":208,"column":42},"end":{"line":208,"column":50}},"locations":[{"start":{"line":208,"column":42},"end":{"line":208,"column":50}}]},"32":{"type":"branch","line":212,"loc":{"start":{"line":212,"column":4},"end":{"line":239,"column":5}},"locations":[{"start":{"line":212,"column":4},"end":{"line":239,"column":5}}]},"33":{"type":"branch","line":241,"loc":{"start":{"line":241,"column":4},"end":{"line":241,"column":63}},"locations":[{"start":{"line":241,"column":4},"end":{"line":241,"column":63}}]},"34":{"type":"branch","line":241,"loc":{"start":{"line":241,"column":55},"end":{"line":241,"column":60}},"locations":[{"start":{"line":241,"column":55},"end":{"line":241,"column":60}}]},"35":{"type":"branch","line":243,"loc":{"start":{"line":243,"column":4},"end":{"line":265,"column":5}},"locations":[{"start":{"line":243,"column":4},"end":{"line":265,"column":5}}]},"36":{"type":"branch","line":246,"loc":{"start":{"line":246,"column":34},"end":{"line":250,"column":10}},"locations":[{"start":{"line":246,"column":34},"end":{"line":250,"column":10}}]},"37":{"type":"branch","line":252,"loc":{"start":{"line":252,"column":48},"end":{"line":252,"column":88}},"locations":[{"start":{"line":252,"column":48},"end":{"line":252,"column":88}}]},"38":{"type":"branch","line":267,"loc":{"start":{"line":267,"column":12},"end":{"line":341,"column":5}},"locations":[{"start":{"line":267,"column":12},"end":{"line":341,"column":5}}]},"39":{"type":"branch","line":270,"loc":{"start":{"line":270,"column":62},"end":{"line":270,"column":67}},"locations":[{"start":{"line":270,"column":62},"end":{"line":270,"column":67}}]},"40":{"type":"branch","line":271,"loc":{"start":{"line":271,"column":62},"end":{"line":271,"column":67}},"locations":[{"start":{"line":271,"column":62},"end":{"line":271,"column":67}}]},"41":{"type":"branch","line":273,"loc":{"start":{"line":273,"column":42},"end":{"line":273,"column":48}},"locations":[{"start":{"line":273,"column":42},"end":{"line":273,"column":48}}]},"42":{"type":"branch","line":273,"loc":{"start":{"line":273,"column":49},"end":{"line":273,"column":96}},"locations":[{"start":{"line":273,"column":49},"end":{"line":273,"column":96}}]},"43":{"type":"branch","line":273,"loc":{"start":{"line":273,"column":88},"end":{"line":273,"column":96}},"locations":[{"start":{"line":273,"column":88},"end":{"line":273,"column":96}}]},"44":{"type":"branch","line":278,"loc":{"start":{"line":278,"column":69},"end":{"line":278,"column":74}},"locations":[{"start":{"line":278,"column":69},"end":{"line":278,"column":74}}]},"45":{"type":"branch","line":279,"loc":{"start":{"line":279,"column":69},"end":{"line":279,"column":74}},"locations":[{"start":{"line":279,"column":69},"end":{"line":279,"column":74}}]},"46":{"type":"branch","line":281,"loc":{"start":{"line":281,"column":53},"end":{"line":281,"column":81}},"locations":[{"start":{"line":281,"column":53},"end":{"line":281,"column":81}}]},"47":{"type":"branch","line":282,"loc":{"start":{"line":282,"column":12},"end":{"line":282,"column":71}},"locations":[{"start":{"line":282,"column":12},"end":{"line":282,"column":71}}]},"48":{"type":"branch","line":287,"loc":{"start":{"line":287,"column":65},"end":{"line":287,"column":70}},"locations":[{"start":{"line":287,"column":65},"end":{"line":287,"column":70}}]},"49":{"type":"branch","line":288,"loc":{"start":{"line":288,"column":65},"end":{"line":288,"column":70}},"locations":[{"start":{"line":288,"column":65},"end":{"line":288,"column":70}}]},"50":{"type":"branch","line":290,"loc":{"start":{"line":290,"column":49},"end":{"line":290,"column":76}},"locations":[{"start":{"line":290,"column":49},"end":{"line":290,"column":76}}]},"51":{"type":"branch","line":291,"loc":{"start":{"line":291,"column":12},"end":{"line":291,"column":67}},"locations":[{"start":{"line":291,"column":12},"end":{"line":291,"column":67}}]},"52":{"type":"branch","line":296,"loc":{"start":{"line":296,"column":46},"end":{"line":296,"column":49}},"locations":[{"start":{"line":296,"column":46},"end":{"line":296,"column":49}}]},"53":{"type":"branch","line":297,"loc":{"start":{"line":297,"column":12},"end":{"line":297,"column":57}},"locations":[{"start":{"line":297,"column":12},"end":{"line":297,"column":57}}]},"54":{"type":"branch","line":301,"loc":{"start":{"line":301,"column":30},"end":{"line":301,"column":69}},"locations":[{"start":{"line":301,"column":30},"end":{"line":301,"column":69}}]},"55":{"type":"branch","line":301,"loc":{"start":{"line":301,"column":48},"end":{"line":301,"column":68}},"locations":[{"start":{"line":301,"column":48},"end":{"line":301,"column":68}}]},"56":{"type":"branch","line":301,"loc":{"start":{"line":301,"column":71},"end":{"line":303,"column":9}},"locations":[{"start":{"line":301,"column":71},"end":{"line":303,"column":9}}]},"57":{"type":"branch","line":303,"loc":{"start":{"line":303,"column":9},"end":{"line":309,"column":9}},"locations":[{"start":{"line":303,"column":9},"end":{"line":309,"column":9}}]},"58":{"type":"branch","line":303,"loc":{"start":{"line":303,"column":34},"end":{"line":303,"column":52}},"locations":[{"start":{"line":303,"column":34},"end":{"line":303,"column":52}}]},"59":{"type":"branch","line":303,"loc":{"start":{"line":303,"column":54},"end":{"line":305,"column":9}},"locations":[{"start":{"line":303,"column":54},"end":{"line":305,"column":9}}]},"60":{"type":"branch","line":305,"loc":{"start":{"line":305,"column":34},"end":{"line":305,"column":52}},"locations":[{"start":{"line":305,"column":34},"end":{"line":305,"column":52}}]},"61":{"type":"branch","line":305,"loc":{"start":{"line":305,"column":54},"end":{"line":307,"column":9}},"locations":[{"start":{"line":305,"column":54},"end":{"line":307,"column":9}}]},"62":{"type":"branch","line":311,"loc":{"start":{"line":311,"column":41},"end":{"line":311,"column":49}},"locations":[{"start":{"line":311,"column":41},"end":{"line":311,"column":49}}]},"63":{"type":"branch","line":311,"loc":{"start":{"line":311,"column":50},"end":{"line":311,"column":86}},"locations":[{"start":{"line":311,"column":50},"end":{"line":311,"column":86}}]},"64":{"type":"branch","line":311,"loc":{"start":{"line":311,"column":73},"end":{"line":311,"column":81}},"locations":[{"start":{"line":311,"column":73},"end":{"line":311,"column":81}}]},"65":{"type":"branch","line":313,"loc":{"start":{"line":313,"column":31},"end":{"line":313,"column":42}},"locations":[{"start":{"line":313,"column":31},"end":{"line":313,"column":42}}]},"66":{"type":"branch","line":314,"loc":{"start":{"line":314,"column":12},"end":{"line":316,"column":27}},"locations":[{"start":{"line":314,"column":12},"end":{"line":316,"column":27}}]},"67":{"type":"branch","line":314,"loc":{"start":{"line":314,"column":38},"end":{"line":314,"column":55}},"locations":[{"start":{"line":314,"column":38},"end":{"line":314,"column":55}}]},"68":{"type":"branch","line":315,"loc":{"start":{"line":315,"column":38},"end":{"line":315,"column":57}},"locations":[{"start":{"line":315,"column":38},"end":{"line":315,"column":57}}]},"69":{"type":"branch","line":297,"loc":{"start":{"line":297,"column":29},"end":{"line":297,"column":49}},"locations":[{"start":{"line":297,"column":29},"end":{"line":297,"column":49}}]},"70":{"type":"branch","line":343,"loc":{"start":{"line":343,"column":12},"end":{"line":356,"column":5}},"locations":[{"start":{"line":343,"column":12},"end":{"line":356,"column":5}}]},"71":{"type":"branch","line":345,"loc":{"start":{"line":345,"column":36},"end":{"line":347,"column":9}},"locations":[{"start":{"line":345,"column":36},"end":{"line":347,"column":9}}]},"72":{"type":"branch","line":346,"loc":{"start":{"line":346,"column":33},"end":{"line":346,"column":66}},"locations":[{"start":{"line":346,"column":33},"end":{"line":346,"column":66}}]},"73":{"type":"branch","line":353,"loc":{"start":{"line":353,"column":43},"end":{"line":353,"column":49}},"locations":[{"start":{"line":353,"column":43},"end":{"line":353,"column":49}}]},"74":{"type":"branch","line":353,"loc":{"start":{"line":353,"column":50},"end":{"line":353,"column":91}},"locations":[{"start":{"line":353,"column":50},"end":{"line":353,"column":91}}]},"75":{"type":"branch","line":353,"loc":{"start":{"line":353,"column":75},"end":{"line":353,"column":83}},"locations":[{"start":{"line":353,"column":75},"end":{"line":353,"column":83}}]},"76":{"type":"branch","line":353,"loc":{"start":{"line":353,"column":84},"end":{"line":353,"column":91}},"locations":[{"start":{"line":353,"column":84},"end":{"line":353,"column":91}}]},"77":{"type":"branch","line":358,"loc":{"start":{"line":358,"column":12},"end":{"line":372,"column":5}},"locations":[{"start":{"line":358,"column":12},"end":{"line":372,"column":5}}]},"78":{"type":"branch","line":361,"loc":{"start":{"line":361,"column":36},"end":{"line":364,"column":9}},"locations":[{"start":{"line":361,"column":36},"end":{"line":364,"column":9}}]},"79":{"type":"branch","line":362,"loc":{"start":{"line":362,"column":44},"end":{"line":362,"column":78}},"locations":[{"start":{"line":362,"column":44},"end":{"line":362,"column":78}}]},"80":{"type":"branch","line":363,"loc":{"start":{"line":363,"column":44},"end":{"line":363,"column":78}},"locations":[{"start":{"line":363,"column":44},"end":{"line":363,"column":78}}]},"81":{"type":"branch","line":369,"loc":{"start":{"line":369,"column":50},"end":{"line":369,"column":56}},"locations":[{"start":{"line":369,"column":50},"end":{"line":369,"column":56}}]},"82":{"type":"branch","line":369,"loc":{"start":{"line":369,"column":57},"end":{"line":369,"column":102}},"locations":[{"start":{"line":369,"column":57},"end":{"line":369,"column":102}}]},"83":{"type":"branch","line":369,"loc":{"start":{"line":369,"column":84},"end":{"line":369,"column":92}},"locations":[{"start":{"line":369,"column":84},"end":{"line":369,"column":92}}]},"84":{"type":"branch","line":369,"loc":{"start":{"line":369,"column":93},"end":{"line":369,"column":102}},"locations":[{"start":{"line":369,"column":93},"end":{"line":369,"column":102}}]},"85":{"type":"branch","line":375,"loc":{"start":{"line":375,"column":28},"end":{"line":376,"column":110}},"locations":[{"start":{"line":375,"column":28},"end":{"line":376,"column":110}}]},"86":{"type":"branch","line":376,"loc":{"start":{"line":376,"column":41},"end":{"line":376,"column":103}},"locations":[{"start":{"line":376,"column":41},"end":{"line":376,"column":103}}]},"87":{"type":"branch","line":376,"loc":{"start":{"line":376,"column":62},"end":{"line":376,"column":88}},"locations":[{"start":{"line":376,"column":62},"end":{"line":376,"column":88}}]},"88":{"type":"branch","line":376,"loc":{"start":{"line":376,"column":89},"end":{"line":376,"column":95}},"locations":[{"start":{"line":376,"column":89},"end":{"line":376,"column":95}}]},"89":{"type":"branch","line":376,"loc":{"start":{"line":376,"column":96},"end":{"line":376,"column":102}},"locations":[{"start":{"line":376,"column":96},"end":{"line":376,"column":102}}]}},"b":{"0":[208],"1":[168],"2":[40],"3":[5],"4":[10],"5":[2],"6":[1],"7":[1],"8":[1035],"9":[1033],"10":[1032],"11":[4],"12":[1031],"13":[1],"14":[1030],"15":[1031],"16":[3],"17":[2],"18":[0],"19":[0],"20":[0],"21":[0],"22":[0],"23":[0],"24":[0],"25":[1],"26":[1],"27":[1031],"28":[3],"29":[2],"30":[1003],"31":[1000],"32":[3],"33":[4],"34":[0],"35":[8],"36":[80],"37":[32],"38":[8],"39":[7],"40":[7],"41":[7],"42":[1],"43":[0],"44":[7],"45":[7],"46":[1],"47":[0],"48":[7],"49":[7],"50":[1],"51":[0],"52":[7],"53":[1],"54":[1],"55":[0],"56":[7],"57":[1],"58":[0],"59":[0],"60":[0],"61":[0],"62":[1],"63":[7],"64":[0],"65":[7],"66":[1],"67":[0],"68":[0],"69":[3],"70":[8],"71":[80],"72":[40],"73":[6],"74":[2],"75":[1],"76":[1],"77":[32],"78":[320],"79":[208],"80":[208],"81":[17],"82":[15],"83":[4],"84":[11],"85":[11],"86":[37],"87":[27],"88":[21],"89":[16]},"fnMap":{"0":{"name":"toPercentage","decl":{"start":{"line":78,"column":28},"end":{"line":78,"column":101}},"loc":{"start":{"line":78,"column":28},"end":{"line":78,"column":101}},"line":78},"1":{"name":"getLastDigit","decl":{"start":{"line":80,"column":28},"end":{"line":81,"column":53}},"loc":{"start":{"line":80,"column":28},"end":{"line":81,"column":53}},"line":80},"2":{"name":"RollingDigitWindow","decl":{"start":{"line":119,"column":4},"end":{"line":124,"column":5}},"loc":{"start":{"line":119,"column":4},"end":{"line":124,"column":5}},"line":119},"3":{"name":"get size","decl":{"start":{"line":126,"column":4},"end":{"line":126,"column":45}},"loc":{"start":{"line":126,"column":4},"end":{"line":126,"column":45}},"line":126},"4":{"name":"get total_ticks","decl":{"start":{"line":127,"column":4},"end":{"line":127,"column":47}},"loc":{"start":{"line":127,"column":4},"end":{"line":127,"column":47}},"line":127},"5":{"name":"get is_full","decl":{"start":{"line":128,"column":4},"end":{"line":128,"column":63}},"loc":{"start":{"line":128,"column":4},"end":{"line":128,"column":63}},"line":128},"6":{"name":"push","decl":{"start":{"line":130,"column":4},"end":{"line":202,"column":5}},"loc":{"start":{"line":130,"column":4},"end":{"line":202,"column":5}},"line":130},"7":{"name":"seed","decl":{"start":{"line":204,"column":4},"end":{"line":210,"column":5}},"loc":{"start":{"line":204,"column":4},"end":{"line":210,"column":5}},"line":204},"8":{"name":"reset","decl":{"start":{"line":212,"column":4},"end":{"line":239,"column":5}},"loc":{"start":{"line":212,"column":4},"end":{"line":239,"column":5}},"line":212},"9":{"name":"getCount","decl":{"start":{"line":241,"column":4},"end":{"line":241,"column":63}},"loc":{"start":{"line":241,"column":4},"end":{"line":241,"column":63}},"line":241},"10":{"name":"snapshot","decl":{"start":{"line":243,"column":4},"end":{"line":265,"column":5}},"loc":{"start":{"line":243,"column":4},"end":{"line":265,"column":5}},"line":243},"11":{"name":"riseFallStats","decl":{"start":{"line":267,"column":12},"end":{"line":341,"column":5}},"loc":{"start":{"line":267,"column":12},"end":{"line":341,"column":5}},"line":267},"12":{"name":"evenOddStats","decl":{"start":{"line":343,"column":12},"end":{"line":356,"column":5}},"loc":{"start":{"line":343,"column":12},"end":{"line":356,"column":5}},"line":343},"13":{"name":"overUnderStats","decl":{"start":{"line":358,"column":12},"end":{"line":372,"column":5}},"loc":{"start":{"line":358,"column":12},"end":{"line":372,"column":5}},"line":358},"14":{"name":"pickBestPair","decl":{"start":{"line":375,"column":28},"end":{"line":376,"column":110}},"loc":{"start":{"line":375,"column":28},"end":{"line":376,"column":110}},"line":375}},"f":{"0":208,"1":5,"2":10,"3":2,"4":1,"5":1,"6":1035,"7":2,"8":3,"9":4,"10":8,"11":8,"12":8,"13":32,"14":11}}
}
