TN:
SF:src/constants/analysis.ts
FNF:0
FNH:0
DA:1,1
DA:2,1
DA:3,1
DA:4,1
DA:5,1
DA:6,1
DA:7,1
DA:8,1
DA:9,1
DA:10,1
DA:11,1
DA:12,1
DA:13,1
DA:14,1
DA:15,1
DA:16,1
DA:17,1
DA:18,1
DA:19,1
DA:20,1
DA:21,1
DA:22,1
DA:23,1
DA:24,1
DA:25,1
DA:26,1
DA:27,1
DA:28,1
DA:29,1
DA:30,1
DA:31,1
DA:32,1
DA:33,1
DA:34,1
DA:35,1
DA:36,1
DA:37,1
DA:38,1
DA:39,1
DA:40,1
DA:41,1
DA:42,1
DA:43,1
DA:44,1
DA:45,1
DA:46,1
DA:47,1
DA:48,1
DA:49,1
DA:50,1
DA:51,1
DA:52,1
DA:53,1
DA:54,1
DA:55,1
DA:56,1
DA:57,1
DA:58,1
DA:59,1
DA:60,1
DA:61,1
DA:62,1
DA:63,1
DA:64,1
DA:65,1
DA:66,1
DA:67,1
DA:68,1
DA:69,1
DA:70,1
DA:71,1
DA:72,1
DA:73,1
DA:74,1
DA:75,1
DA:76,1
DA:77,1
DA:78,1
DA:79,1
DA:80,1
DA:81,1
DA:82,1
DA:83,1
DA:84,1
DA:85,1
DA:86,1
DA:87,1
DA:88,1
DA:89,1
DA:90,1
DA:91,1
DA:92,1
DA:93,1
DA:94,1
LF:94
LH:94
BRF:0
BRH:0
end_of_record
TN:
SF:src/services/analysis/digit-analysis.ts
FN:78,toPercentage
FN:80,getLastDigit
FN:119,RollingDigitWindow
FN:126,get size
FN:127,get total_ticks
FN:128,get is_full
FN:130,push
FN:204,seed
FN:212,reset
FN:241,getCount
FN:243,snapshot
FN:267,riseFallStats
FN:343,evenOddStats
FN:358,overUnderStats
FN:375,pickBestPair
FNF:15
FNH:15
FNDA:208,toPercentage
FNDA:5,getLastDigit
FNDA:10,RollingDigitWindow
FNDA:2,get size
FNDA:1,get total_ticks
FNDA:1,get is_full
FNDA:1035,push
FNDA:2,seed
FNDA:3,reset
FNDA:4,getCount
FNDA:8,snapshot
FNDA:8,riseFallStats
FNDA:8,evenOddStats
FNDA:32,overUnderStats
FNDA:11,pickBestPair
DA:1,1
DA:2,1
DA:3,1
DA:4,1
DA:5,1
DA:6,1
DA:7,1
DA:8,1
DA:9,1
DA:10,1
DA:11,1
DA:12,1
DA:13,1
DA:14,1
DA:15,1
DA:16,1
DA:17,1
DA:18,1
DA:19,1
DA:20,1
DA:21,1
DA:22,1
DA:23,1
DA:24,1
DA:25,1
DA:26,1
DA:27,1
DA:28,1
DA:29,1
DA:30,1
DA:31,1
DA:32,1
DA:33,1
DA:34,1
DA:35,1
DA:36,1
DA:37,1
DA:38,1
DA:39,1
DA:40,1
DA:41,1
DA:42,1
DA:43,1
DA:44,1
DA:45,1
DA:46,1
DA:47,1
DA:48,1
DA:49,1
DA:50,1
DA:51,1
DA:52,1
DA:53,1
DA:54,1
DA:55,1
DA:56,1
DA:57,1
DA:58,1
DA:59,1
DA:60,1
DA:61,1
DA:62,1
DA:63,1
DA:64,1
DA:65,1
DA:66,1
DA:67,1
DA:68,1
DA:69,1
DA:70,1
DA:71,1
DA:72,1
DA:73,1
DA:74,1
DA:75,1
DA:76,1
DA:77,1
DA:78,1
DA:79,1
DA:80,1
DA:81,1
DA:82,1
DA:83,1
DA:84,1
DA:85,1
DA:86,1
DA:87,1
DA:88,1
DA:89,1
DA:90,1
DA:91,1
DA:92,1
DA:93,1
DA:94,1
DA:95,1
DA:96,1
DA:97,1
DA:98,1
DA:99,1
DA:100,1
DA:101,1
DA:102,1
DA:103,1
DA:104,1
DA:105,1
DA:106,1
DA:107,1
DA:108,1
DA:109,1
DA:110,1
DA:111,1
DA:112,1
DA:113,1
DA:114,1
DA:115,1
DA:116,1
DA:117,1
DA:118,1
DA:119,1
DA:120,10
DA:121,10
DA:122,10
DA:123,10
DA:124,10
DA:125,1
DA:126,1
DA:127,1
DA:128,1
DA:129,1
DA:130,1
DA:131,1035
DA:132,1031
DA:133,1031
DA:134,1035
DA:135,1
DA:136,1035
DA:137,1030
DA:138,1030
DA:139,1031
DA:140,1031
DA:141,1031
DA:142,1031
DA:143,1031
DA:144,1031
DA:145,1031
DA:146,1031
DA:147,1035
DA:148,2
DA:149,2
DA:150,2
DA:151,2
DA:152,0
DA:153,0
DA:154,0
DA:155,0
DA:156,2
DA:157,2
DA:158,2
DA:159,2
DA:160,2
DA:161,0
DA:162,0
DA:163,2
DA:164,2
DA:165,2
DA:166,2
DA:167,0
DA:168,0
DA:169,0
DA:170,2
DA:171,2
DA:172,2
DA:173,2
DA:174,2
DA:175,0
DA:176,2
DA:177,2
DA:178,2
DA:179,2
DA:180,0
DA:181,0
DA:182,0
DA:183,2
DA:184,2
DA:185,2
DA:186,2
DA:187,2
DA:188,0
DA:189,2
DA:190,2
DA:191,2
DA:192,2
DA:193,2
DA:194,1
DA:195,1
DA:196,1
DA:197,1
DA:198,2
DA:199,2
DA:200,2
DA:201,1035
DA:202,1035
DA:203,1
DA:204,1
DA:205,2
DA:206,2
DA:207,2
DA:208,1003
DA:209,1003
DA:210,2
DA:211,1
DA:212,1
DA:213,3
DA:214,3
DA:215,3
DA:216,3
DA:217,3
DA:218,3
DA:219,3
DA:220,3
DA:221,3
DA:222,3
DA:223,3
DA:224,3
DA:225,3
DA:226,3
DA:227,3
DA:228,3
DA:229,3
DA:230,3
DA:231,3
DA:232,3
DA:233,3
DA:234,3
DA:235,3
DA:236,3
DA:237,3
DA:238,3
DA:239,3
DA:240,1
DA:241,1
DA:242,1
DA:243,1
DA:244,8
DA:245,8
DA:246,8
DA:247,80
DA:248,80
DA:249,80
DA:250,8
DA:251,8
DA:252,8
DA:253,8
DA:254,8
DA:255,8
DA:256,8
DA:257,8
DA:258,8
DA:259,8
DA:260,8
DA:261,8
DA:262,8
DA:263,8
DA:264,8
DA:265,8
DA:266,1
DA:267,1
DA:268,8
DA:269,8
DA:270,8
DA:271,8
DA:272,8
DA:273,8
DA:274,8
DA:275,8
DA:276,8
DA:277,8
DA:278,8
DA:279,8
DA:280,8
DA:281,8
DA:282,8
DA:283,8
DA:284,8
DA:285,8
DA:286,8
DA:287,8
DA:288,8
DA:289,8
DA:290,8
DA:291,8
DA:292,8
DA:293,8
DA:294,8
DA:295,8
DA:296,8
DA:297,8
DA:298,8
DA:299,8
DA:300,8
DA:301,8
DA:302,7
DA:303,8
DA:304,0
DA:305,1
DA:306,0
DA:307,1
DA:308,1
DA:309,1
DA:310,8
DA:311,8
DA:312,8
DA:313,8
DA:314,8
DA:315,1
DA:316,8
DA:317,8
DA:318,8
DA:319,8
DA:320,8
DA:321,8
DA:322,8
DA:323,8
DA:324,8
DA:325,8
DA:326,8
DA:327,8
DA:328,8
DA:329,8
DA:330,8
DA:331,8
DA:332,8
DA:333,8
DA:334,8
DA:335,8
DA:336,8
DA:337,8
DA:338,8
DA:339,8
DA:340,8
DA:341,8
DA:342,1
DA:343,1
DA:344,8
DA:345,8
DA:346,80
DA:347,80
DA:348,8
DA:349,8
DA:350,8
DA:351,8
DA:352,8
DA:353,8
DA:354,8
DA:355,8
DA:356,8
DA:357,1
DA:358,1
DA:359,32
DA:360,32
DA:361,32
DA:362,320
DA:363,320
DA:364,320
DA:365,32
DA:366,32
DA:367,32
DA:368,32
DA:369,32
DA:370,32
DA:371,32
DA:372,32
DA:373,1
DA:374,1
DA:375,1
DA:376,1
DA:377,1
DA:378,1
LF:378
LH:362
BRDA:78,0,0,208
BRDA:78,1,0,168
BRDA:78,2,0,40
BRDA:80,3,0,5
BRDA:119,4,0,10
BRDA:126,5,0,2
BRDA:127,6,0,1
BRDA:128,7,0,1
BRDA:130,8,0,1035
BRDA:131,9,0,1033
BRDA:131,10,0,1032
BRDA:131,11,0,4
BRDA:132,12,0,1031
BRDA:134,13,0,1
BRDA:136,14,0,1030
BRDA:139,15,0,1031
BRDA:147,16,0,3
BRDA:147,17,0,2
BRDA:148,18,0,0
BRDA:151,19,0,0
BRDA:161,20,0,0
BRDA:166,21,0,0
BRDA:175,22,0,0
BRDA:179,23,0,0
BRDA:188,24,0,0
BRDA:193,25,0,1
BRDA:193,26,0,1
BRDA:201,27,0,1031
BRDA:201,28,0,3
BRDA:204,29,0,2
BRDA:207,30,0,1003
BRDA:208,31,0,1000
BRDA:212,32,0,3
BRDA:241,33,0,4
BRDA:241,34,0,0
BRDA:243,35,0,8
BRDA:246,36,0,80
BRDA:252,37,0,32
BRDA:267,38,0,8
BRDA:270,39,0,7
BRDA:271,40,0,7
BRDA:273,41,0,7
BRDA:273,42,0,1
BRDA:273,43,0,0
BRDA:278,44,0,7
BRDA:279,45,0,7
BRDA:281,46,0,1
BRDA:282,47,0,0
BRDA:287,48,0,7
BRDA:288,49,0,7
BRDA:290,50,0,1
BRDA:291,51,0,0
BRDA:296,52,0,7
BRDA:297,53,0,1
BRDA:301,54,0,1
BRDA:301,55,0,0
BRDA:301,56,0,7
BRDA:303,57,0,1
BRDA:303,58,0,0
BRDA:303,59,0,0
BRDA:305,60,0,0
BRDA:305,61,0,0
BRDA:311,62,0,1
BRDA:311,63,0,7
BRDA:311,64,0,0
BRDA:313,65,0,7
BRDA:314,66,0,1
BRDA:314,67,0,0
BRDA:315,68,0,0
BRDA:297,69,0,3
BRDA:343,70,0,8
BRDA:345,71,0,80
BRDA:346,72,0,40
BRDA:353,73,0,6
BRDA:353,74,0,2
BRDA:353,75,0,1
BRDA:353,76,0,1
BRDA:358,77,0,32
BRDA:361,78,0,320
BRDA:362,79,0,208
BRDA:363,80,0,208
BRDA:369,81,0,17
BRDA:369,82,0,15
BRDA:369,83,0,4
BRDA:369,84,0,11
BRDA:375,85,0,11
BRDA:376,86,0,37
BRDA:376,87,0,27
BRDA:376,88,0,21
BRDA:376,89,0,16
BRF:90
BRH:71
end_of_record
